<?xml version="1.0" encoding="UTF-8"?>
<testsuite xmlns:xsi="http://www.w3.org/2001/XMLSchema-instance" xsi:noNamespaceSchemaLocation="https://maven.apache.org/surefire/maven-surefire-plugin/xsd/surefire-test-report.xsd" name="TestSuite" time="20.195" tests="89" errors="0" skipped="0" failures="0">
  <properties>
[...]
</properties>
  <testcase name="accessibilityTest" classname="hdespresso.AccessibilityTest" time="1.649"/>
  <testcase name="construct on construct(com.deque.axe.android.AxeDeviceTest)" classname="com.deque.axe.android.AxeDeviceTest" time="0.001"/>
  <testcase name="test_QueryOnlyViolations on test_QueryOnlyViolations(com.deque.axe.android.AxeResultTest)" classname="com.deque.axe.android.AxeResultTest" time="0.001"/>
  <testcase name="axeViewJsonTest on axeViewJsonTest(com.deque.axe.android.AxeTest)" classname="com.deque.axe.android.AxeTest" time="0.728"/>
  <testcase name="testDefaultConfig on testDefaultConfig(com.deque.axe.android.AxeTest)" classname="com.deque.axe.android.AxeTest" time="0.197"/>
  <testcase name="testIgnoreMultipleRules on testIgnoreMultipleRules(com.deque.axe.android.AxeTest)" classname="com.deque.axe.android.AxeTest" time="0.001"/>
  <testcase name="testRun on testRun(com.deque.axe.android.AxeTest)" classname="com.deque.axe.android.AxeTest" time="0.024"/>
  <testcase name="jsonAxeRuleResultTestSpecs on jsonAxeRuleResultTestSpecs(com.deque.axe.android.AxeTest)" classname="com.deque.axe.android.AxeTest" time="1.101"/>
  <testcase name="axeMetaDataJsonTest on axeMetaDataJsonTest(com.deque.axe.android.AxeTest)" classname="com.deque.axe.android.AxeTest" time="0.102"/>
  <testcase name="testThrownException on testThrownException(com.deque.axe.android.AxeTest)" classname="com.deque.axe.android.AxeTest" time="0.015"/>
  <testcase name="testIgnoreRule on testIgnoreRule(com.deque.axe.android.AxeTest)" classname="com.deque.axe.android.AxeTest" time="0"/>
  <testcase name="tesAxeConf on tesAxeConf(com.deque.axe.android.AxeTest)" classname="com.deque.axe.android.AxeTest" time="0"/>
  <testcase name="testOneStandardAndOneRule on testOneStandardAndOneRule(com.deque.axe.android.AxeTest)" classname="com.deque.axe.android.AxeTest" time="0"/>
  <testcase name="testRuleSize on testRuleSize(com.deque.axe.android.AxeTest)" classname="com.deque.axe.android.AxeTest" time="0"/>
  <testcase name="calculateProps_switch on calculateProps_switch(com.deque.axe.android.AxeViewTest)" classname="com.deque.axe.android.AxeViewTest" time="0.025"/>
  <testcase name="screenTitle_basic on screenTitle_basic(com.deque.axe.android.AxeViewTest)" classname="com.deque.axe.android.AxeViewTest" time="0"/>
  <testcase name="calculatedProps_ImageView on calculatedProps_ImageView(com.deque.axe.android.AxeViewTest)" classname="com.deque.axe.android.AxeViewTest" time="0.001"/>
  <testcase name="isNotRendered on isNotRendered(com.deque.axe.android.AxeViewTest)" classname="com.deque.axe.android.AxeViewTest" time="0.001"/>
  <testcase name="screenTitle_noContentView on screenTitle_noContentView(com.deque.axe.android.AxeViewTest)" classname="com.deque.axe.android.AxeViewTest" time="0"/>
  <testcase name="calculateProps_offScreenAxeView on calculateProps_offScreenAxeView(com.deque.axe.android.AxeViewTest)" classname="com.deque.axe.android.AxeViewTest" time="0"/>
  <testcase name="isRendered on isRendered(com.deque.axe.android.AxeViewTest)" classname="com.deque.axe.android.AxeViewTest" time="0"/>
  <testcase name="isOffScreen_viewInsideScreen_returnsFalse on isOffScreen_viewInsideScreen_returnsFalse(com.deque.axe.android.AxeViewTest)" classname="com.deque.axe.android.AxeViewTest" time="0"/>
  <testcase name="calculateProps_offScreenAndObscuredAxeView on calculateProps_offScreenAndObscuredAxeView(com.deque.axe.android.AxeViewTest)" classname="com.deque.axe.android.AxeViewTest" time="0"/>
  <testcase name="isOffScreen_viewInScreen_returnsFalse on isOffScreen_viewInScreen_returnsFalse(com.deque.axe.android.AxeViewTest)" classname="com.deque.axe.android.AxeViewTest" time="0"/>
  <testcase name="query on query(com.deque.axe.android.AxeViewTest)" classname="com.deque.axe.android.AxeViewTest" time="0.002"/>
  <testcase name="calculateProps_editText on calculateProps_editText(com.deque.axe.android.AxeViewTest)" classname="com.deque.axe.android.AxeViewTest" time="0.019"/>
  <testcase name="calculateProps_Button on calculateProps_Button(com.deque.axe.android.AxeViewTest)" classname="com.deque.axe.android.AxeViewTest" time="0"/>
  <testcase name="isOffScreen_viewOutOfScreen_returnsTrue on isOffScreen_viewOutOfScreen_returnsTrue(com.deque.axe.android.AxeViewTest)" classname="com.deque.axe.android.AxeViewTest" time="0"/>
  <testcase name="calculateProps_noContentDescription_editText on calculateProps_noContentDescription_editText(com.deque.axe.android.AxeViewTest)" classname="com.deque.axe.android.AxeViewTest" time="0"/>
  <testcase name="isPartiallyVisible_buttonIsNotOffScreen_returnsFalse on isPartiallyVisible_buttonIsNotOffScreen_returnsFalse(com.deque.axe.android.AxeViewTest)" classname="com.deque.axe.android.AxeViewTest" time="0"/>
  <testcase name="calculateProps_obscuredAxeView on calculateProps_obscuredAxeView(com.deque.axe.android.AxeViewTest)" classname="com.deque.axe.android.AxeViewTest" time="0.001"/>
  <testcase name="example_withActualTextColor_ManualTestingRequired on example_withActualTextColor_ManualTestingRequired(com.deque.axe.android.ColorContrastTests)" classname="com.deque.axe.android.ColorContrastTests" time="0.134"/>
  <testcase name="imageTest_intellijCapture on imageTest_intellijCapture(com.deque.axe.android.ColorContrastTests)" classname="com.deque.axe.android.ColorContrastTests" time="0.046"/>
  <testcase name="example_Inaccessible on example_Inaccessible(com.deque.axe.android.ColorContrastTests)" classname="com.deque.axe.android.ColorContrastTests" time="0.069"/>
  <testcase name="imageTest_largeWhiteTextBlueBackground on imageTest_largeWhiteTextBlueBackground(com.deque.axe.android.ColorContrastTests)" classname="com.deque.axe.android.ColorContrastTests" time="0.034"/>
  <testcase name="imageTest_textWithIcon on imageTest_textWithIcon(com.deque.axe.android.ColorContrastTests)" classname="com.deque.axe.android.ColorContrastTests" time="0.015"/>
  <testcase name="example_Accessible on example_Accessible(com.deque.axe.android.ColorContrastTests)" classname="com.deque.axe.android.ColorContrastTests" time="0.035"/>
  <testcase name="imageTest_textOnlyAtTop on imageTest_textOnlyAtTop(com.deque.axe.android.ColorContrastTests)" classname="com.deque.axe.android.ColorContrastTests" time="3.878"/>
  <testcase name="imageTest_intellijCaptureHard on imageTest_intellijCaptureHard(com.deque.axe.android.ColorContrastTests)" classname="com.deque.axe.android.ColorContrastTests" time="0.094"/>
  <testcase name="example_ManualTestingRequired on example_ManualTestingRequired(com.deque.axe.android.ColorContrastTests)" classname="com.deque.axe.android.ColorContrastTests" time="0.084"/>
  <testcase name="imageTest_whiteTextBlueBackground on imageTest_whiteTextBlueBackground(com.deque.axe.android.ColorContrastTests)" classname="com.deque.axe.android.ColorContrastTests" time="0.024"/>
  <testcase name="speakableTextEmpty_runRule on speakableTextEmpty_runRule(com.deque.axe.android.rules.hierarchy.ActiveViewNameTest)" classname="com.deque.axe.android.rules.hierarchy.ActiveViewNameTest" time="2.761"/>
  <testcase name="isApplicable_classNameIsSwitch on isApplicable_classNameIsSwitch(com.deque.axe.android.rules.hierarchy.ActiveViewNameTest)" classname="com.deque.axe.android.rules.hierarchy.ActiveViewNameTest" time="0.003"/>
  <testcase name="viewNotClickable_runRule on viewNotClickable_runRule(com.deque.axe.android.rules.hierarchy.ActiveViewNameTest)" classname="com.deque.axe.android.rules.hierarchy.ActiveViewNameTest" time="0.003"/>
  <testcase name="isApplicable_classNameIsCheckBox on isApplicable_classNameIsCheckBox(com.deque.axe.android.rules.hierarchy.ActiveViewNameTest)" classname="com.deque.axe.android.rules.hierarchy.ActiveViewNameTest" time="0.001"/>
  <testcase name="isApplicable_overridesAccessibilityDelegate_returnsFalse on isApplicable_overridesAccessibilityDelegate_returnsFalse(com.deque.axe.android.rules.hierarchy.ActiveViewNameTest)" classname="com.deque.axe.android.rules.hierarchy.ActiveViewNameTest" time="0.004"/>
  <testcase name="runRule on runRule(com.deque.axe.android.rules.hierarchy.ActiveViewNameTest)" classname="com.deque.axe.android.rules.hierarchy.ActiveViewNameTest" time="0.002"/>
  <testcase name="isApplicable_classNameIsButton on isApplicable_classNameIsButton(com.deque.axe.android.rules.hierarchy.ActiveViewNameTest)" classname="com.deque.axe.android.rules.hierarchy.ActiveViewNameTest" time="0.004"/>
  <testcase name="visibleTextEmpty_labelIsEmpty_runRule on visibleTextEmpty_labelIsEmpty_runRule(com.deque.axe.android.rules.hierarchy.CheckBoxNameTest)" classname="com.deque.axe.android.rules.hierarchy.CheckBoxNameTest" time="0.002"/>
  <testcase name="overRidesAccessibilityDelegate_returnsFalse on overRidesAccessibilityDelegate_returnsFalse(com.deque.axe.android.rules.hierarchy.CheckBoxNameTest)" classname="com.deque.axe.android.rules.hierarchy.CheckBoxNameTest" time="0.006"/>
  <testcase name="visibleTextNotEmpty_labelEmpty_runRule on visibleTextNotEmpty_labelEmpty_runRule(com.deque.axe.android.rules.hierarchy.CheckBoxNameTest)" classname="com.deque.axe.android.rules.hierarchy.CheckBoxNameTest" time="0.001"/>
  <testcase name="visibleTextEmpty_labelNotEmpty_runRule on visibleTextEmpty_labelNotEmpty_runRule(com.deque.axe.android.rules.hierarchy.CheckBoxNameTest)" classname="com.deque.axe.android.rules.hierarchy.CheckBoxNameTest" time="0.008"/>
  <testcase name="visibleTextNotEmpty_labelNotEmpty_runRule on visibleTextNotEmpty_labelNotEmpty_runRule(com.deque.axe.android.rules.hierarchy.CheckBoxNameTest)" classname="com.deque.axe.android.rules.hierarchy.CheckBoxNameTest" time="0.003"/>
  <testcase name="overRidesAccessibilityDelegate_returnsFalse on overRidesAccessibilityDelegate_returnsFalse(com.deque.axe.android.rules.hierarchy.EditTextNameTest)" classname="com.deque.axe.android.rules.hierarchy.EditTextNameTest" time="0"/>
  <testcase name="labelIsNotNullOrEmpty_runRule on labelIsNotNullOrEmpty_runRule(com.deque.axe.android.rules.hierarchy.EditTextNameTest)" classname="com.deque.axe.android.rules.hierarchy.EditTextNameTest" time="0"/>
  <testcase name="labelIsEmpty_runRule on labelIsEmpty_runRule(com.deque.axe.android.rules.hierarchy.EditTextNameTest)" classname="com.deque.axe.android.rules.hierarchy.EditTextNameTest" time="0.001"/>
  <testcase name="overRidesAccessibilityDelegate_returnsFalse on overRidesAccessibilityDelegate_returnsFalse(com.deque.axe.android.rules.hierarchy.EditTextValueTest)" classname="com.deque.axe.android.rules.hierarchy.EditTextValueTest" time="0.002"/>
  <testcase name="emptyContentDescription_runRule on emptyContentDescription_runRule(com.deque.axe.android.rules.hierarchy.EditTextValueTest)" classname="com.deque.axe.android.rules.hierarchy.EditTextValueTest" time="0.002"/>
  <testcase name="editTextClass_isApplicable on editTextClass_isApplicable(com.deque.axe.android.rules.hierarchy.EditTextValueTest)" classname="com.deque.axe.android.rules.hierarchy.EditTextValueTest" time="0.004"/>
  <testcase name="editTextClass_overridesAccessibilityDelegate_notApplicable on editTextClass_overridesAccessibilityDelegate_notApplicable(com.deque.axe.android.rules.hierarchy.EditTextValueTest)" classname="com.deque.axe.android.rules.hierarchy.EditTextValueTest" time="0"/>
  <testcase name="switchClass_isApplicable on switchClass_isApplicable(com.deque.axe.android.rules.hierarchy.EditTextValueTest)" classname="com.deque.axe.android.rules.hierarchy.EditTextValueTest" time="0.002"/>
  <testcase name="nonEmptyContentDescription_runRule on nonEmptyContentDescription_runRule(com.deque.axe.android.rules.hierarchy.EditTextValueTest)" classname="com.deque.axe.android.rules.hierarchy.EditTextValueTest" time="0.001"/>
  <testcase name="imageViewClass_overridesAccessibilityDelegate_notApplicable on imageViewClass_overridesAccessibilityDelegate_notApplicable(com.deque.axe.android.rules.hierarchy.ImageViewNameTest)" classname="com.deque.axe.android.rules.hierarchy.ImageViewNameTest" time="0.001"/>
  <testcase name="imageViewClass_isApplicable on imageViewClass_isApplicable(com.deque.axe.android.rules.hierarchy.ImageViewNameTest)" classname="com.deque.axe.android.rules.hierarchy.ImageViewNameTest" time="0.002"/>
  <testcase name="isNotImportantForAccessibility_runRule on isNotImportantForAccessibility_runRule(com.deque.axe.android.rules.hierarchy.ImageViewNameTest)" classname="com.deque.axe.android.rules.hierarchy.ImageViewNameTest" time="0.001"/>
  <testcase name="isImportantForAccessibilityNonEmptyContentDesc_runRule on isImportantForAccessibilityNonEmptyContentDesc_runRule(com.deque.axe.android.rules.hierarchy.ImageViewNameTest)" classname="com.deque.axe.android.rules.hierarchy.ImageViewNameTest" time="0.001"/>
  <testcase name="isImportantForAccessibilityEmptyContentDesc_runRule on isImportantForAccessibilityEmptyContentDesc_runRule(com.deque.axe.android.rules.hierarchy.ImageViewNameTest)" classname="com.deque.axe.android.rules.hierarchy.ImageViewNameTest" time="0.002"/>
  <testcase name="switchClass_isApplicable on switchClass_isApplicable(com.deque.axe.android.rules.hierarchy.ImageViewNameTest)" classname="com.deque.axe.android.rules.hierarchy.ImageViewNameTest" time="0.001"/>
  <testcase name="visibleTextEmpty_labelIsEmpty_runRule on visibleTextEmpty_labelIsEmpty_runRule(com.deque.axe.android.rules.hierarchy.SwitchNameTest)" classname="com.deque.axe.android.rules.hierarchy.SwitchNameTest" time="0.002"/>
  <testcase name="overRidesAccessibilityDelegate_returnsFalse on overRidesAccessibilityDelegate_returnsFalse(com.deque.axe.android.rules.hierarchy.SwitchNameTest)" classname="com.deque.axe.android.rules.hierarchy.SwitchNameTest" time="0.001"/>
  <testcase name="visibleTextNotEmpty_labelEmpty_runRule on visibleTextNotEmpty_labelEmpty_runRule(com.deque.axe.android.rules.hierarchy.SwitchNameTest)" classname="com.deque.axe.android.rules.hierarchy.SwitchNameTest" time="0.002"/>
  <testcase name="visibleTextEmpty_labelNotEmpty_runRule on visibleTextEmpty_labelNotEmpty_runRule(com.deque.axe.android.rules.hierarchy.SwitchNameTest)" classname="com.deque.axe.android.rules.hierarchy.SwitchNameTest" time="0.001"/>
  <testcase name="visibleTextNotEmpty_labelNotEmpty_runRule on visibleTextNotEmpty_labelNotEmpty_runRule(com.deque.axe.android.rules.hierarchy.SwitchNameTest)" classname="com.deque.axe.android.rules.hierarchy.SwitchNameTest" time="0.002"/>
  <testcase name="runRule_expectedSizeLessThanAdjustedHeightAndExpectedSizeLessThanAdjustedWidth on runRule_expectedSizeLessThanAdjustedHeightAndExpectedSizeLessThanAdjustedWidth(com.deque.axe.android.rules.hierarchy.TouchSizeWcagTest)" classname="com.deque.axe.android.rules.hierarchy.TouchSizeWcagTest" time="0.056"/>
  <testcase name="overRidesAccessibilityDelegate_returnsFalse on overRidesAccessibilityDelegate_returnsFalse(com.deque.axe.android.rules.hierarchy.TouchSizeWcagTest)" classname="com.deque.axe.android.rules.hierarchy.TouchSizeWcagTest" time="0.003"/>
  <testcase name="runRule_isPartiallyVisible on runRule_isPartiallyVisible(com.deque.axe.android.rules.hierarchy.TouchSizeWcagTest)" classname="com.deque.axe.android.rules.hierarchy.TouchSizeWcagTest" time="0.002"/>
  <testcase name="runRule_expectedSizeGreaterThanAdjustedHeight on runRule_expectedSizeGreaterThanAdjustedHeight(com.deque.axe.android.rules.hierarchy.TouchSizeWcagTest)" classname="com.deque.axe.android.rules.hierarchy.TouchSizeWcagTest" time="0.003"/>
  <testcase name="runRule_isRendered on runRule_isRendered(com.deque.axe.android.rules.hierarchy.TouchSizeWcagTest)" classname="com.deque.axe.android.rules.hierarchy.TouchSizeWcagTest" time="0.004"/>
  <testcase name="runRule_isOffScreen on runRule_isOffScreen(com.deque.axe.android.rules.hierarchy.TouchSizeWcagTest)" classname="com.deque.axe.android.rules.hierarchy.TouchSizeWcagTest" time="0.003"/>
  <testcase name="runRule_expectedSizeGreaterThanAdjustedWidth on runRule_expectedSizeGreaterThanAdjustedWidth(com.deque.axe.android.rules.hierarchy.TouchSizeWcagTest)" classname="com.deque.axe.android.rules.hierarchy.TouchSizeWcagTest" time="0.003"/>
  <testcase name="toHex_Black on toHex_Black(com.deque.axe.android.wrappers.AxeColorTest)" classname="com.deque.axe.android.wrappers.AxeColorTest" time="0"/>
  <testcase name="toHex_White on toHex_White(com.deque.axe.android.wrappers.AxeColorTest)" classname="com.deque.axe.android.wrappers.AxeColorTest" time="0"/>
  <testcase name="compareTo_different on compareTo_different(com.deque.axe.android.wrappers.AxeColorTest)" classname="com.deque.axe.android.wrappers.AxeColorTest" time="0"/>
  <testcase name="compareTo_same on compareTo_same(com.deque.axe.android.wrappers.AxeColorTest)" classname="com.deque.axe.android.wrappers.AxeColorTest" time="0.001"/>
  <testcase name="toHex_Random on toHex_Random(com.deque.axe.android.wrappers.AxeColorTest)" classname="com.deque.axe.android.wrappers.AxeColorTest" time="0"/>
  <testcase name="test_NonOrigin on test_NonOrigin(com.deque.axe.android.wrappers.AxeRectTest)" classname="com.deque.axe.android.wrappers.AxeRectTest" time="0.001"/>
  <testcase name="binaryRowSearch on binaryRowSearch(com.deque.axe.android.wrappers.AxeRectTest)" classname="com.deque.axe.android.wrappers.AxeRectTest" time="0.009"/>
  <testcase name="test_EqualityCheck on test_EqualityCheck(com.deque.axe.android.wrappers.AxeRectTest)" classname="com.deque.axe.android.wrappers.AxeRectTest" time="0"/>
  <testcase name="testEqualityTest on testEqualityTest(com.deque.axe.android.wrappers.AxeRectTest)" classname="com.deque.axe.android.wrappers.AxeRectTest" time="0"/>
</testsuite>